# JRE version: Java(TM) SE Runtime Environment (8.0_121-b13) (build 1.8.0_121-b13)
# Java VM: Java HotSpot(TM) 64-Bit Server VM (25.121-b13 mixed mode windows-amd64 compressed oops)
Heap:
 PSYoungGen      total 45056K, used 17657K [0x00000000e0000000, 0x00000000e3400000, 0x0000000100000000)
  eden space 36864K, 25% used [0x00000000e0000000,0x00000000e093f258,0x00000000e2400000)
  from space 8192K, 99% used [0x00000000e2400000,0x00000000e2bff2e0,0x00000000e2c00000)
  to   space 7168K, 0% used [0x00000000e2d00000,0x00000000e2d00000,0x00000000e3400000)
 ParOldGen       total 44032K, used 16679K [0x00000000a0000000, 0x00000000a2b00000, 0x00000000e0000000)
  object space 44032K, 37% used [0x00000000a0000000,0x00000000a1049fd0,0x00000000a2b00000)
 Metaspace       used 43149K, capacity 44124K, committed 44208K, reserved 1087488K
  class space    used 5937K, capacity 6314K, committed 6320K, reserved 1048576K
GC Heap History (10 events):
Event: 32.592 GC heap before
{Heap before GC invocations=13 (full 1):
 PSYoungGen      total 40960K, used 34298K [0x00000000e0000000, 0x00000000e3800000, 0x0000000100000000)
  eden space 39936K, 83% used [0x00000000e0000000,0x00000000e2086aa8,0x00000000e2700000)
  from space 1024K, 96% used [0x00000000e2800000,0x00000000e28f8000,0x00000000e2900000)
  to   space 8704K, 0% used [0x00000000e2f80000,0x00000000e2f80000,0x00000000e3800000)
 ParOldGen       total 35840K, used 14758K [0x00000000a0000000, 0x00000000a2300000, 0x00000000e0000000)
  object space 35840K, 41% used [0x00000000a0000000,0x00000000a0e69980,0x00000000a2300000)
 Metaspace       used 34605K, capacity 35368K, committed 35496K, reserved 1079296K
  class space    used 4822K, capacity 5098K, committed 5168K, reserved 1048576K
Event: 32.601 GC heap after
Heap after GC invocations=13 (full 1):
 PSYoungGen      total 45568K, used 3761K [0x00000000e0000000, 0x00000000e3600000, 0x0000000100000000)
  eden space 38912K, 0% used [0x00000000e0000000,0x00000000e0000000,0x00000000e2600000)
  from space 6656K, 56% used [0x00000000e2f80000,0x00000000e332c5b8,0x00000000e3600000)
  to   space 8192K, 0% used [0x00000000e2600000,0x00000000e2600000,0x00000000e2e00000)
 ParOldGen       total 35840K, used 15438K [0x00000000a0000000, 0x00000000a2300000, 0x00000000e0000000)
  object space 35840K, 43% used [0x00000000a0000000,0x00000000a0f13980,0x00000000a2300000)
 Metaspace       used 34605K, capacity 35368K, committed 35496K, reserved 1079296K
  class space    used 4822K, capacity 5098K, committed 5168K, reserved 1048576K
}
Event: 32.601 GC heap before
{Heap before GC invocations=14 (full 2):
 PSYoungGen      total 45568K, used 3761K [0x00000000e0000000, 0x00000000e3600000, 0x0000000100000000)
  eden space 38912K, 0% used [0x00000000e0000000,0x00000000e0000000,0x00000000e2600000)
  from space 6656K, 56% used [0x00000000e2f80000,0x00000000e332c5b8,0x00000000e3600000)
  to   space 8192K, 0% used [0x00000000e2600000,0x00000000e2600000,0x00000000e2e00000)
 ParOldGen       total 35840K, used 15438K [0x00000000a0000000, 0x00000000a2300000, 0x00000000e0000000)
  object space 35840K, 43% used [0x00000000a0000000,0x00000000a0f13980,0x00000000a2300000)
 Metaspace       used 34605K, capacity 35368K, committed 35496K, reserved 1079296K
  class space    used 4822K, capacity 5098K, committed 5168K, reserved 1048576K
Event: 32.703 GC heap after
Heap after GC invocations=14 (full 2):
 PSYoungGen      total 45568K, used 0K [0x00000000e0000000, 0x00000000e3600000, 0x0000000100000000)
  eden space 38912K, 0% used [0x00000000e0000000,0x00000000e0000000,0x00000000e2600000)
  from space 6656K, 0% used [0x00000000e2f80000,0x00000000e2f80000,0x00000000e3600000)
  to   space 8192K, 0% used [0x00000000e2600000,0x00000000e2600000,0x00000000e2e00000)
 ParOldGen       total 44032K, used 16287K [0x00000000a0000000, 0x00000000a2b00000, 0x00000000e0000000)
  object space 44032K, 36% used [0x00000000a0000000,0x00000000a0fe7e38,0x00000000a2b00000)
 Metaspace       used 34605K, capacity 35368K, committed 35496K, reserved 1079296K
  class space    used 4822K, capacity 5098K, committed 5168K, reserved 1048576K
}
Event: 36.449 GC heap before
{Heap before GC invocations=15 (full 2):
 PSYoungGen      total 45568K, used 38912K [0x00000000e0000000, 0x00000000e3600000, 0x0000000100000000)
  eden space 38912K, 100% used [0x00000000e0000000,0x00000000e2600000,0x00000000e2600000)
  from space 6656K, 0% used [0x00000000e2f80000,0x00000000e2f80000,0x00000000e3600000)
  to   space 8192K, 0% used [0x00000000e2600000,0x00000000e2600000,0x00000000e2e00000)
 ParOldGen       total 44032K, used 16287K [0x00000000a0000000, 0x00000000a2b00000, 0x00000000e0000000)
  object space 44032K, 36% used [0x00000000a0000000,0x00000000a0fe7e38,0x00000000a2b00000)
 Metaspace       used 38541K, capacity 39292K, committed 39472K, reserved 1083392K
  class space    used 5318K, capacity 5619K, committed 5680K, reserved 1048576K
Event: 36.459 GC heap after
Heap after GC invocations=15 (full 2):
 PSYoungGen      total 41984K, used 4014K [0x00000000e0000000, 0x00000000e3500000, 0x0000000100000000)
  eden space 37888K, 0% used [0x00000000e0000000,0x00000000e0000000,0x00000000e2500000)
  from space 4096K, 98% used [0x00000000e2600000,0x00000000e29ebb70,0x00000000e2a00000)
  to   space 8192K, 0% used [0x00000000e2d00000,0x00000000e2d00000,0x00000000e3500000)
 ParOldGen       total 44032K, used 16295K [0x00000000a0000000, 0x00000000a2b00000, 0x00000000e0000000)
  object space 44032K, 37% used [0x00000000a0000000,0x00000000a0fe9e38,0x00000000a2b00000)
 Metaspace       used 38541K, capacity 39292K, committed 39472K, reserved 1083392K
  class space    used 5318K, capacity 5619K, committed 5680K, reserved 1048576K
}
Event: 39.107 GC heap before
{Heap before GC invocations=16 (full 2):
 PSYoungGen      total 41984K, used 41902K [0x00000000e0000000, 0x00000000e3500000, 0x0000000100000000)
  eden space 37888K, 100% used [0x00000000e0000000,0x00000000e2500000,0x00000000e2500000)
  from space 4096K, 98% used [0x00000000e2600000,0x00000000e29ebb70,0x00000000e2a00000)
  to   space 8192K, 0% used [0x00000000e2d00000,0x00000000e2d00000,0x00000000e3500000)
 ParOldGen       total 44032K, used 16295K [0x00000000a0000000, 0x00000000a2b00000, 0x00000000e0000000)
  object space 44032K, 37% used [0x00000000a0000000,0x00000000a0fe9e38,0x00000000a2b00000)
 Metaspace       used 41443K, capacity 42280K, committed 42672K, reserved 1085440K
  class space    used 5656K, capacity 5961K, committed 6064K, reserved 1048576K
Event: 39.117 GC heap after
Heap after GC invocations=16 (full 2):
 PSYoungGen      total 44032K, used 5145K [0x00000000e0000000, 0x00000000e3400000, 0x0000000100000000)
  eden space 36864K, 0% used [0x00000000e0000000,0x00000000e0000000,0x00000000e2400000)
  from space 7168K, 71% used [0x00000000e2d00000,0x00000000e3206590,0x00000000e3400000)
  to   space 8192K, 0% used [0x00000000e2400000,0x00000000e2400000,0x00000000e2c00000)
 ParOldGen       total 44032K, used 16295K [0x00000000a0000000, 0x00000000a2b00000, 0x00000000e0000000)
  object space 44032K, 37% used [0x00000000a0000000,0x00000000a0fe9e38,0x00000000a2b00000)
 Metaspace       used 41443K, capacity 42280K, committed 42672K, reserved 1085440K
  class space    used 5656K, capacity 5961K, committed 6064K, reserved 1048576K
}
Event: 40.954 GC heap before
{Heap before GC invocations=17 (full 2):
 PSYoungGen      total 44032K, used 42009K [0x00000000e0000000, 0x00000000e3400000, 0x0000000100000000)
  eden space 36864K, 100% used [0x00000000e0000000,0x00000000e2400000,0x00000000e2400000)
  from space 7168K, 71% used [0x00000000e2d00000,0x00000000e3206590,0x00000000e3400000)
  to   space 8192K, 0% used [0x00000000e2400000,0x00000000e2400000,0x00000000e2c00000)
 ParOldGen       total 44032K, used 16295K [0x00000000a0000000, 0x00000000a2b00000, 0x00000000e0000000)
  object space 44032K, 37% used [0x00000000a0000000,0x00000000a0fe9e38,0x00000000a2b00000)
 Metaspace       used 42224K, capacity 43160K, committed 43312K, reserved 1087488K
  class space    used 5794K, capacity 6146K, committed 6192K, reserved 1048576K
Event: 40.971 GC heap after
Heap after GC invocations=17 (full 2):
 PSYoungGen      total 45056K, used 8188K [0x00000000e0000000, 0x00000000e3400000, 0x0000000100000000)
  eden space 36864K, 0% used [0x00000000e0000000,0x00000000e0000000,0x00000000e2400000)
  from space 8192K, 99% used [0x00000000e2400000,0x00000000e2bff2e0,0x00000000e2c00000)
  to   space 7168K, 0% used [0x00000000e2d00000,0x00000000e2d00000,0x00000000e3400000)
 ParOldGen       total 44032K, used 16679K [0x00000000a0000000, 0x00000000a2b00000, 0x00000000e0000000)
  object space 44032K, 37% used [0x00000000a0000000,0x00000000a1049fd0,0x00000000a2b00000)
 Metaspace       used 42224K, capacity 43160K, committed 43312K, reserved 1087488K
  class space    used 5794K, capacity 6146K, committed 6192K, reserved 1048576K
}

